[2024-09-14 06:44:39] local.ERROR: Client error: `GET https://pokeapi.co/api/v2/pokemon/1026` resulted in a `404 Not Found` response:
Not Found
 {"exception":"[object] (GuzzleHttp\\Exception\\ClientException(code: 404): Client error: `GET https://pokeapi.co/api/v2/pokemon/1026` resulted in a `404 Not Found` response:
Not Found
 at C:\\Users\\cdbro\\Projects\\pokeapi-test\\PokeAPI-Test\\vendor\\guzzlehttp\\guzzle\\src\\Exception\\RequestException.php:111)
[stacktrace]
#0 C:\\Users\\cdbro\\Projects\\pokeapi-test\\PokeAPI-Test\\vendor\\guzzlehttp\\guzzle\\src\\Middleware.php(72): GuzzleHttp\\Exception\\RequestException::create()
#1 C:\\Users\\cdbro\\Projects\\pokeapi-test\\PokeAPI-Test\\vendor\\guzzlehttp\\promises\\src\\Promise.php(209): GuzzleHttp\\Middleware::GuzzleHttp\\{closure}()
#2 C:\\Users\\cdbro\\Projects\\pokeapi-test\\PokeAPI-Test\\vendor\\guzzlehttp\\promises\\src\\Promise.php(158): GuzzleHttp\\Promise\\Promise::callHandler()
#3 C:\\Users\\cdbro\\Projects\\pokeapi-test\\PokeAPI-Test\\vendor\\guzzlehttp\\promises\\src\\TaskQueue.php(52): GuzzleHttp\\Promise\\Promise::GuzzleHttp\\Promise\\{closure}()
#4 C:\\Users\\cdbro\\Projects\\pokeapi-test\\PokeAPI-Test\\vendor\\guzzlehttp\\promises\\src\\Promise.php(251): GuzzleHttp\\Promise\\TaskQueue->run()
#5 C:\\Users\\cdbro\\Projects\\pokeapi-test\\PokeAPI-Test\\vendor\\guzzlehttp\\promises\\src\\Promise.php(227): GuzzleHttp\\Promise\\Promise->invokeWaitFn()
#6 C:\\Users\\cdbro\\Projects\\pokeapi-test\\PokeAPI-Test\\vendor\\guzzlehttp\\promises\\src\\Promise.php(272): GuzzleHttp\\Promise\\Promise->waitIfPending()
#7 C:\\Users\\cdbro\\Projects\\pokeapi-test\\PokeAPI-Test\\vendor\\guzzlehttp\\promises\\src\\Promise.php(229): GuzzleHttp\\Promise\\Promise->invokeWaitList()
#8 C:\\Users\\cdbro\\Projects\\pokeapi-test\\PokeAPI-Test\\vendor\\guzzlehttp\\promises\\src\\Promise.php(69): GuzzleHttp\\Promise\\Promise->waitIfPending()
#9 C:\\Users\\cdbro\\Projects\\pokeapi-test\\PokeAPI-Test\\vendor\\guzzlehttp\\guzzle\\src\\Client.php(189): GuzzleHttp\\Promise\\Promise->wait()
#10 C:\\Users\\cdbro\\Projects\\pokeapi-test\\PokeAPI-Test\\app\\Http\\Controllers\\PokemonController.php(17): GuzzleHttp\\Client->request()
#11 C:\\Users\\cdbro\\Projects\\pokeapi-test\\PokeAPI-Test\\vendor\\laravel\\framework\\src\\Illuminate\\Routing\\ControllerDispatcher.php(46): App\\Http\\Controllers\\PokemonController->import()
#12 C:\\Users\\cdbro\\Projects\\pokeapi-test\\PokeAPI-Test\\vendor\\laravel\\framework\\src\\Illuminate\\Routing\\Route.php(262): Illuminate\\Routing\\ControllerDispatcher->dispatch()
#13 C:\\Users\\cdbro\\Projects\\pokeapi-test\\PokeAPI-Test\\vendor\\laravel\\framework\\src\\Illuminate\\Routing\\Route.php(208): Illuminate\\Routing\\Route->runController()
#14 C:\\Users\\cdbro\\Projects\\pokeapi-test\\PokeAPI-Test\\vendor\\laravel\\framework\\src\\Illuminate\\Routing\\Router.php(808): Illuminate\\Routing\\Route->run()
#15 C:\\Users\\cdbro\\Projects\\pokeapi-test\\PokeAPI-Test\\vendor\\laravel\\framework\\src\\Illuminate\\Pipeline\\Pipeline.php(144): Illuminate\\Routing\\Router->Illuminate\\Routing\\{closure}()
#16 C:\\Users\\cdbro\\Projects\\pokeapi-test\\PokeAPI-Test\\vendor\\laravel\\framework\\src\\Illuminate\\Http\\Middleware\\AddLinkHeadersForPreloadedAssets.php(19): Illuminate\\Pipeline\\Pipeline->Illuminate\\Pipeline\\{closure}()
#17 C:\\Users\\cdbro\\Projects\\pokeapi-test\\PokeAPI-Test\\vendor\\laravel\\framework\\src\\Illuminate\\Pipeline\\Pipeline.php(183): Illuminate\\Http\\Middleware\\AddLinkHeadersForPreloadedAssets->handle()
#18 C:\\Users\\cdbro\\Projects\\pokeapi-test\\PokeAPI-Test\\vendor\\inertiajs\\inertia-laravel\\src\\Middleware.php(86): Illuminate\\Pipeline\\Pipeline->Illuminate\\Pipeline\\{closure}()
#19 C:\\Users\\cdbro\\Projects\\pokeapi-test\\PokeAPI-Test\\vendor\\laravel\\framework\\src\\Illuminate\\Pipeline\\Pipeline.php(183): Inertia\\Middleware->handle()
#20 C:\\Users\\cdbro\\Projects\\pokeapi-test\\PokeAPI-Test\\vendor\\laravel\\framework\\src\\Illuminate\\Routing\\Middleware\\SubstituteBindings.php(51): Illuminate\\Pipeline\\Pipeline->Illuminate\\Pipeline\\{closure}()
#21 C:\\Users\\cdbro\\Projects\\pokeapi-test\\PokeAPI-Test\\vendor\\laravel\\framework\\src\\Illuminate\\Pipeline\\Pipeline.php(183): Illuminate\\Routing\\Middleware\\SubstituteBindings->handle()
#22 C:\\Users\\cdbro\\Projects\\pokeapi-test\\PokeAPI-Test\\vendor\\laravel\\framework\\src\\Illuminate\\Foundation\\Http\\Middleware\\VerifyCsrfToken.php(88): Illuminate\\Pipeline\\Pipeline->Illuminate\\Pipeline\\{closure}()
#23 C:\\Users\\cdbro\\Projects\\pokeapi-test\\PokeAPI-Test\\vendor\\laravel\\framework\\src\\Illuminate\\Pipeline\\Pipeline.php(183): Illuminate\\Foundation\\Http\\Middleware\\VerifyCsrfToken->handle()
#24 C:\\Users\\cdbro\\Projects\\pokeapi-test\\PokeAPI-Test\\vendor\\laravel\\framework\\src\\Illuminate\\View\\Middleware\\ShareErrorsFromSession.php(49): Illuminate\\Pipeline\\Pipeline->Illuminate\\Pipeline\\{closure}()
#25 C:\\Users\\cdbro\\Projects\\pokeapi-test\\PokeAPI-Test\\vendor\\laravel\\framework\\src\\Illuminate\\Pipeline\\Pipeline.php(183): Illuminate\\View\\Middleware\\ShareErrorsFromSession->handle()
#26 C:\\Users\\cdbro\\Projects\\pokeapi-test\\PokeAPI-Test\\vendor\\laravel\\framework\\src\\Illuminate\\Session\\Middleware\\StartSession.php(121): Illuminate\\Pipeline\\Pipeline->Illuminate\\Pipeline\\{closure}()
#27 C:\\Users\\cdbro\\Projects\\pokeapi-test\\PokeAPI-Test\\vendor\\laravel\\framework\\src\\Illuminate\\Session\\Middleware\\StartSession.php(64): Illuminate\\Session\\Middleware\\StartSession->handleStatefulRequest()
#28 C:\\Users\\cdbro\\Projects\\pokeapi-test\\PokeAPI-Test\\vendor\\laravel\\framework\\src\\Illuminate\\Pipeline\\Pipeline.php(183): Illuminate\\Session\\Middleware\\StartSession->handle()
#29 C:\\Users\\cdbro\\Projects\\pokeapi-test\\PokeAPI-Test\\vendor\\laravel\\framework\\src\\Illuminate\\Cookie\\Middleware\\AddQueuedCookiesToResponse.php(37): Illuminate\\Pipeline\\Pipeline->Illuminate\\Pipeline\\{closure}()
#30 C:\\Users\\cdbro\\Projects\\pokeapi-test\\PokeAPI-Test\\vendor\\laravel\\framework\\src\\Illuminate\\Pipeline\\Pipeline.php(183): Illuminate\\Cookie\\Middleware\\AddQueuedCookiesToResponse->handle()
#31 C:\\Users\\cdbro\\Projects\\pokeapi-test\\PokeAPI-Test\\vendor\\laravel\\framework\\src\\Illuminate\\Cookie\\Middleware\\EncryptCookies.php(75): Illuminate\\Pipeline\\Pipeline->Illuminate\\Pipeline\\{closure}()
#32 C:\\Users\\cdbro\\Projects\\pokeapi-test\\PokeAPI-Test\\vendor\\laravel\\framework\\src\\Illuminate\\Pipeline\\Pipeline.php(183): Illuminate\\Cookie\\Middleware\\EncryptCookies->handle()
#33 C:\\Users\\cdbro\\Projects\\pokeapi-test\\PokeAPI-Test\\vendor\\laravel\\framework\\src\\Illuminate\\Pipeline\\Pipeline.php(119): Illuminate\\Pipeline\\Pipeline->Illuminate\\Pipeline\\{closure}()
#34 C:\\Users\\cdbro\\Projects\\pokeapi-test\\PokeAPI-Test\\vendor\\laravel\\framework\\src\\Illuminate\\Routing\\Router.php(807): Illuminate\\Pipeline\\Pipeline->then()
#35 C:\\Users\\cdbro\\Projects\\pokeapi-test\\PokeAPI-Test\\vendor\\laravel\\framework\\src\\Illuminate\\Routing\\Router.php(786): Illuminate\\Routing\\Router->runRouteWithinStack()
#36 C:\\Users\\cdbro\\Projects\\pokeapi-test\\PokeAPI-Test\\vendor\\laravel\\framework\\src\\Illuminate\\Routing\\Router.php(750): Illuminate\\Routing\\Router->runRoute()
#37 C:\\Users\\cdbro\\Projects\\pokeapi-test\\PokeAPI-Test\\vendor\\laravel\\framework\\src\\Illuminate\\Routing\\Router.php(739): Illuminate\\Routing\\Router->dispatchToRoute()
#38 C:\\Users\\cdbro\\Projects\\pokeapi-test\\PokeAPI-Test\\vendor\\laravel\\framework\\src\\Illuminate\\Foundation\\Http\\Kernel.php(201): Illuminate\\Routing\\Router->dispatch()
#39 C:\\Users\\cdbro\\Projects\\pokeapi-test\\PokeAPI-Test\\vendor\\laravel\\framework\\src\\Illuminate\\Pipeline\\Pipeline.php(144): Illuminate\\Foundation\\Http\\Kernel->Illuminate\\Foundation\\Http\\{closure}()
#40 C:\\Users\\cdbro\\Projects\\pokeapi-test\\PokeAPI-Test\\vendor\\laravel\\framework\\src\\Illuminate\\Foundation\\Http\\Middleware\\TransformsRequest.php(21): Illuminate\\Pipeline\\Pipeline->Illuminate\\Pipeline\\{closure}()
#41 C:\\Users\\cdbro\\Projects\\pokeapi-test\\PokeAPI-Test\\vendor\\laravel\\framework\\src\\Illuminate\\Foundation\\Http\\Middleware\\ConvertEmptyStringsToNull.php(31): Illuminate\\Foundation\\Http\\Middleware\\TransformsRequest->handle()
#42 C:\\Users\\cdbro\\Projects\\pokeapi-test\\PokeAPI-Test\\vendor\\laravel\\framework\\src\\Illuminate\\Pipeline\\Pipeline.php(183): Illuminate\\Foundation\\Http\\Middleware\\ConvertEmptyStringsToNull->handle()
#43 C:\\Users\\cdbro\\Projects\\pokeapi-test\\PokeAPI-Test\\vendor\\laravel\\framework\\src\\Illuminate\\Foundation\\Http\\Middleware\\TransformsRequest.php(21): Illuminate\\Pipeline\\Pipeline->Illuminate\\Pipeline\\{closure}()
#44 C:\\Users\\cdbro\\Projects\\pokeapi-test\\PokeAPI-Test\\vendor\\laravel\\framework\\src\\Illuminate\\Foundation\\Http\\Middleware\\TrimStrings.php(51): Illuminate\\Foundation\\Http\\Middleware\\TransformsRequest->handle()
#45 C:\\Users\\cdbro\\Projects\\pokeapi-test\\PokeAPI-Test\\vendor\\laravel\\framework\\src\\Illuminate\\Pipeline\\Pipeline.php(183): Illuminate\\Foundation\\Http\\Middleware\\TrimStrings->handle()
#46 C:\\Users\\cdbro\\Projects\\pokeapi-test\\PokeAPI-Test\\vendor\\laravel\\framework\\src\\Illuminate\\Http\\Middleware\\ValidatePostSize.php(27): Illuminate\\Pipeline\\Pipeline->Illuminate\\Pipeline\\{closure}()
#47 C:\\Users\\cdbro\\Projects\\pokeapi-test\\PokeAPI-Test\\vendor\\laravel\\framework\\src\\Illuminate\\Pipeline\\Pipeline.php(183): Illuminate\\Http\\Middleware\\ValidatePostSize->handle()
#48 C:\\Users\\cdbro\\Projects\\pokeapi-test\\PokeAPI-Test\\vendor\\laravel\\framework\\src\\Illuminate\\Foundation\\Http\\Middleware\\PreventRequestsDuringMaintenance.php(110): Illuminate\\Pipeline\\Pipeline->Illuminate\\Pipeline\\{closure}()
#49 C:\\Users\\cdbro\\Projects\\pokeapi-test\\PokeAPI-Test\\vendor\\laravel\\framework\\src\\Illuminate\\Pipeline\\Pipeline.php(183): Illuminate\\Foundation\\Http\\Middleware\\PreventRequestsDuringMaintenance->handle()
#50 C:\\Users\\cdbro\\Projects\\pokeapi-test\\PokeAPI-Test\\vendor\\laravel\\framework\\src\\Illuminate\\Http\\Middleware\\HandleCors.php(62): Illuminate\\Pipeline\\Pipeline->Illuminate\\Pipeline\\{closure}()
#51 C:\\Users\\cdbro\\Projects\\pokeapi-test\\PokeAPI-Test\\vendor\\laravel\\framework\\src\\Illuminate\\Pipeline\\Pipeline.php(183): Illuminate\\Http\\Middleware\\HandleCors->handle()
#52 C:\\Users\\cdbro\\Projects\\pokeapi-test\\PokeAPI-Test\\vendor\\laravel\\framework\\src\\Illuminate\\Http\\Middleware\\TrustProxies.php(58): Illuminate\\Pipeline\\Pipeline->Illuminate\\Pipeline\\{closure}()
#53 C:\\Users\\cdbro\\Projects\\pokeapi-test\\PokeAPI-Test\\vendor\\laravel\\framework\\src\\Illuminate\\Pipeline\\Pipeline.php(183): Illuminate\\Http\\Middleware\\TrustProxies->handle()
#54 C:\\Users\\cdbro\\Projects\\pokeapi-test\\PokeAPI-Test\\vendor\\laravel\\framework\\src\\Illuminate\\Foundation\\Http\\Middleware\\InvokeDeferredCallbacks.php(22): Illuminate\\Pipeline\\Pipeline->Illuminate\\Pipeline\\{closure}()
#55 C:\\Users\\cdbro\\Projects\\pokeapi-test\\PokeAPI-Test\\vendor\\laravel\\framework\\src\\Illuminate\\Pipeline\\Pipeline.php(183): Illuminate\\Foundation\\Http\\Middleware\\InvokeDeferredCallbacks->handle()
#56 C:\\Users\\cdbro\\Projects\\pokeapi-test\\PokeAPI-Test\\vendor\\laravel\\framework\\src\\Illuminate\\Pipeline\\Pipeline.php(119): Illuminate\\Pipeline\\Pipeline->Illuminate\\Pipeline\\{closure}()
#57 C:\\Users\\cdbro\\Projects\\pokeapi-test\\PokeAPI-Test\\vendor\\laravel\\framework\\src\\Illuminate\\Foundation\\Http\\Kernel.php(176): Illuminate\\Pipeline\\Pipeline->then()
#58 C:\\Users\\cdbro\\Projects\\pokeapi-test\\PokeAPI-Test\\vendor\\laravel\\framework\\src\\Illuminate\\Foundation\\Http\\Kernel.php(145): Illuminate\\Foundation\\Http\\Kernel->sendRequestThroughRouter()
#59 C:\\Users\\cdbro\\Projects\\pokeapi-test\\PokeAPI-Test\\vendor\\laravel\\framework\\src\\Illuminate\\Foundation\\Application.php(1188): Illuminate\\Foundation\\Http\\Kernel->handle()
#60 C:\\Users\\cdbro\\Projects\\pokeapi-test\\PokeAPI-Test\\public\\index.php(17): Illuminate\\Foundation\\Application->handleRequest()
#61 C:\\Users\\cdbro\\Projects\\pokeapi-test\\PokeAPI-Test\\vendor\\laravel\\framework\\src\\Illuminate\\Foundation\\resources\\server.php(23): require_once('...')
#62 {main}
"} 
